08/18/2020 07:20:07 PM , [INFO]: Pro Number formatting started
08/18/2020 09:48:25 PM , [INFO]: Pro Number formatting started
08/18/2020 09:48:25 PM , [INFO]: inside first try for reading config
08/18/2020 09:48:25 PM , [INFO]: reading from csv
08/18/2020 09:55:16 PM , [INFO]: Pro Number formatting started
08/18/2020 09:55:16 PM , [INFO]: inside first try for reading config
08/18/2020 09:55:16 PM , [INFO]: reading from csv
08/18/2020 09:55:16 PM , [INFO]: There was an error in reading from csv. The error is : 'str' object has no attribute 'isnull'
08/18/2020 09:55:16 PM , [INFO]: There was an error in reading from csv. The error is : 'float' object has no attribute 'isnull'
08/18/2020 09:55:16 PM , [INFO]: There was an error in reading from csv. The error is : 'float' object has no attribute 'isnull'
08/18/2020 09:55:16 PM , [INFO]: There was an error in reading from csv. The error is : 'str' object has no attribute 'isnull'
08/18/2020 09:55:16 PM , [INFO]: There was an error in reading from csv. The error is : 'float' object has no attribute 'isnull'
08/18/2020 09:55:16 PM , [INFO]: There was an error in reading from csv. The error is : 'str' object has no attribute 'isnull'
08/18/2020 09:55:16 PM , [INFO]: There was an error in reading from csv. The error is : 'str' object has no attribute 'isnull'
08/18/2020 09:55:16 PM , [INFO]: There was an error in reading from csv. The error is : 'float' object has no attribute 'isnull'
08/18/2020 09:55:16 PM , [INFO]: There was an error in reading from csv. The error is : 'str' object has no attribute 'isnull'
08/18/2020 09:55:59 PM , [INFO]: Pro Number formatting started
08/18/2020 09:55:59 PM , [INFO]: inside first try for reading config
08/18/2020 09:55:59 PM , [INFO]: reading from csv
08/18/2020 09:55:59 PM , [INFO]: There was an error in reading from csv. The error is : 'str' object has no attribute 'isnull'
08/18/2020 09:55:59 PM , [INFO]: There was an error in reading from csv. The error is : 'float' object has no attribute 'isnull'
08/18/2020 09:55:59 PM , [INFO]: There was an error in reading from csv. The error is : 'float' object has no attribute 'isnull'
08/18/2020 09:55:59 PM , [INFO]: There was an error in reading from csv. The error is : 'str' object has no attribute 'isnull'
08/18/2020 09:55:59 PM , [INFO]: There was an error in reading from csv. The error is : 'float' object has no attribute 'isnull'
08/18/2020 09:55:59 PM , [INFO]: There was an error in reading from csv. The error is : 'str' object has no attribute 'isnull'
08/18/2020 09:55:59 PM , [INFO]: There was an error in reading from csv. The error is : 'str' object has no attribute 'isnull'
08/18/2020 09:55:59 PM , [INFO]: There was an error in reading from csv. The error is : 'float' object has no attribute 'isnull'
08/18/2020 09:55:59 PM , [INFO]: There was an error in reading from csv. The error is : 'str' object has no attribute 'isnull'
08/18/2020 09:56:35 PM , [INFO]: Pro Number formatting started
08/18/2020 09:56:36 PM , [INFO]: inside first try for reading config
08/18/2020 09:56:36 PM , [INFO]: reading from csv
08/18/2020 09:56:36 PM , [INFO]: There was an error in reading from csv. The error is : 'str' object has no attribute 'isnull'
08/18/2020 09:56:36 PM , [INFO]: There was an error in reading from csv. The error is : 'float' object has no attribute 'isnull'
08/18/2020 09:56:36 PM , [INFO]: There was an error in reading from csv. The error is : 'float' object has no attribute 'isnull'
08/18/2020 09:56:36 PM , [INFO]: There was an error in reading from csv. The error is : 'str' object has no attribute 'isnull'
08/18/2020 09:56:36 PM , [INFO]: There was an error in reading from csv. The error is : 'float' object has no attribute 'isnull'
08/18/2020 09:56:36 PM , [INFO]: There was an error in reading from csv. The error is : 'str' object has no attribute 'isnull'
08/18/2020 09:56:36 PM , [INFO]: There was an error in reading from csv. The error is : 'str' object has no attribute 'isnull'
08/18/2020 09:56:36 PM , [INFO]: There was an error in reading from csv. The error is : 'float' object has no attribute 'isnull'
08/18/2020 09:56:36 PM , [INFO]: There was an error in reading from csv. The error is : 'str' object has no attribute 'isnull'
08/19/2020 02:50:35 PM , [INFO]: Pro Number formatting started
08/19/2020 02:50:35 PM , [INFO]: inside first try for reading config
08/19/2020 02:50:35 PM , [INFO]: reading from csv
08/19/2020 02:50:35 PM , [INFO]: There was an error in reading from csv. The error is : 'str' object has no attribute 'isnull'
08/19/2020 02:50:35 PM , [INFO]: There was an error in reading from csv. The error is : 'float' object has no attribute 'isnull'
08/19/2020 02:50:35 PM , [INFO]: There was an error in reading from csv. The error is : 'float' object has no attribute 'isnull'
08/19/2020 02:50:35 PM , [INFO]: There was an error in reading from csv. The error is : 'str' object has no attribute 'isnull'
08/19/2020 02:50:35 PM , [INFO]: There was an error in reading from csv. The error is : 'float' object has no attribute 'isnull'
08/19/2020 02:50:35 PM , [INFO]: There was an error in reading from csv. The error is : 'str' object has no attribute 'isnull'
08/19/2020 02:50:35 PM , [INFO]: There was an error in reading from csv. The error is : 'str' object has no attribute 'isnull'
08/19/2020 02:50:35 PM , [INFO]: There was an error in reading from csv. The error is : 'float' object has no attribute 'isnull'
08/19/2020 02:50:35 PM , [INFO]: There was an error in reading from csv. The error is : 'str' object has no attribute 'isnull'
08/19/2020 02:51:31 PM , [INFO]: Pro Number formatting started
08/19/2020 02:51:31 PM , [INFO]: inside first try for reading config
08/19/2020 02:51:31 PM , [INFO]: reading from csv
08/19/2020 02:51:31 PM , [INFO]: There was an error in reading from csv. The error is : 'str' object has no attribute 'isnull'
08/19/2020 02:51:31 PM , [INFO]: There was an error in reading from csv. The error is : 'float' object has no attribute 'isnull'
08/19/2020 02:51:31 PM , [INFO]: There was an error in reading from csv. The error is : 'float' object has no attribute 'isnull'
08/19/2020 02:51:31 PM , [INFO]: There was an error in reading from csv. The error is : 'str' object has no attribute 'isnull'
08/19/2020 02:51:31 PM , [INFO]: There was an error in reading from csv. The error is : 'float' object has no attribute 'isnull'
08/19/2020 02:51:31 PM , [INFO]: There was an error in reading from csv. The error is : 'str' object has no attribute 'isnull'
08/19/2020 02:51:31 PM , [INFO]: There was an error in reading from csv. The error is : 'str' object has no attribute 'isnull'
08/19/2020 02:51:31 PM , [INFO]: There was an error in reading from csv. The error is : 'float' object has no attribute 'isnull'
08/19/2020 02:51:31 PM , [INFO]: There was an error in reading from csv. The error is : 'str' object has no attribute 'isnull'
08/19/2020 03:02:11 PM , [INFO]: Pro Number formatting started
08/19/2020 03:02:11 PM , [INFO]: inside first try for reading config
08/19/2020 03:02:11 PM , [INFO]: reading from csv
08/19/2020 03:02:11 PM , [INFO]: There was an error in reading from csv. The error is : 'str' object has no attribute 'isnull'
08/19/2020 03:02:11 PM , [INFO]: There was an error in reading from csv. The error is : 'float' object has no attribute 'isnull'
08/19/2020 03:02:11 PM , [INFO]: There was an error in reading from csv. The error is : 'float' object has no attribute 'isnull'
08/19/2020 03:02:11 PM , [INFO]: There was an error in reading from csv. The error is : 'str' object has no attribute 'isnull'
08/19/2020 03:02:11 PM , [INFO]: There was an error in reading from csv. The error is : 'float' object has no attribute 'isnull'
08/19/2020 03:02:11 PM , [INFO]: There was an error in reading from csv. The error is : 'str' object has no attribute 'isnull'
08/19/2020 03:02:11 PM , [INFO]: There was an error in reading from csv. The error is : 'str' object has no attribute 'isnull'
08/19/2020 03:02:11 PM , [INFO]: There was an error in reading from csv. The error is : 'float' object has no attribute 'isnull'
08/19/2020 03:02:11 PM , [INFO]: There was an error in reading from csv. The error is : 'str' object has no attribute 'isnull'
08/19/2020 03:02:58 PM , [INFO]: Pro Number formatting started
08/19/2020 03:02:58 PM , [INFO]: inside first try for reading config
08/19/2020 03:02:58 PM , [INFO]: reading from csv
08/19/2020 03:02:58 PM , [INFO]: There was an error in reading from csv. The error is : 'str' object has no attribute 'isnull'
08/19/2020 03:02:58 PM , [INFO]: There was an error in reading from csv. The error is : 'str' object has no attribute 'isnull'
08/19/2020 03:02:58 PM , [INFO]: There was an error in reading from csv. The error is : 'str' object has no attribute 'isnull'
08/19/2020 03:02:58 PM , [INFO]: There was an error in reading from csv. The error is : 'str' object has no attribute 'isnull'
08/19/2020 03:02:58 PM , [INFO]: There was an error in reading from csv. The error is : 'str' object has no attribute 'isnull'
08/19/2020 03:02:58 PM , [INFO]: There was an error in reading from csv. The error is : 'str' object has no attribute 'isnull'
08/19/2020 03:02:58 PM , [INFO]: There was an error in reading from csv. The error is : 'str' object has no attribute 'isnull'
08/19/2020 03:02:58 PM , [INFO]: There was an error in reading from csv. The error is : 'str' object has no attribute 'isnull'
08/19/2020 03:02:58 PM , [INFO]: There was an error in reading from csv. The error is : 'str' object has no attribute 'isnull'
08/19/2020 03:03:33 PM , [INFO]: Pro Number formatting started
08/19/2020 03:03:33 PM , [INFO]: inside first try for reading config
08/19/2020 03:03:33 PM , [INFO]: reading from csv
08/19/2020 04:18:23 PM , [INFO]: Pro Number formatting started
08/19/2020 04:18:23 PM , [INFO]: inside first try for reading config
08/19/2020 04:18:23 PM , [INFO]: reading from csv
08/19/2020 04:19:05 PM , [INFO]: Pro Number formatting started
08/19/2020 04:19:05 PM , [INFO]: inside first try for reading config
08/19/2020 04:19:05 PM , [INFO]: reading from csv
08/19/2020 04:24:04 PM , [INFO]: Pro Number formatting started
08/19/2020 04:24:04 PM , [INFO]: inside first try for reading config
08/19/2020 04:24:04 PM , [INFO]: reading from csv
08/19/2020 04:27:59 PM , [INFO]: Pro Number formatting started
08/19/2020 04:27:59 PM , [INFO]: inside first try for reading config
08/19/2020 04:27:59 PM , [INFO]: reading from csv
08/19/2020 04:29:20 PM , [INFO]: Pro Number formatting started
08/19/2020 04:29:20 PM , [INFO]: inside first try for reading config
08/19/2020 04:29:20 PM , [INFO]: reading from csv
08/19/2020 05:32:08 PM , [INFO]: Pro Number formatting started
08/19/2020 05:32:08 PM , [INFO]: inside first try for reading config
08/19/2020 05:32:08 PM , [INFO]: reading from csv
08/19/2020 05:32:41 PM , [INFO]: Pro Number formatting started
08/19/2020 05:32:41 PM , [INFO]: inside first try for reading config
08/19/2020 05:32:41 PM , [INFO]: reading from csv
08/19/2020 05:57:25 PM , [INFO]: Pro Number formatting started
08/19/2020 05:57:25 PM , [INFO]: inside first try for reading config
08/19/2020 05:57:25 PM , [INFO]: reading from csv
08/19/2020 05:58:06 PM , [INFO]: Pro Number formatting started
08/19/2020 05:58:06 PM , [INFO]: inside first try for reading config
08/19/2020 05:58:06 PM , [INFO]: reading from csv
08/19/2020 05:58:53 PM , [INFO]: Pro Number formatting started
08/19/2020 05:58:53 PM , [INFO]: inside first try for reading config
08/19/2020 05:58:54 PM , [INFO]: reading from csv
08/19/2020 06:00:07 PM , [INFO]: Pro Number formatting started
08/19/2020 06:33:54 PM , [INFO]: Pro Number formatting started
08/19/2020 06:34:02 PM , [INFO]: Pro Number formatting started
08/19/2020 06:34:24 PM , [INFO]: Pro Number formatting started
08/19/2020 06:34:24 PM , [INFO]: inside first try for reading config
08/19/2020 06:34:24 PM , [INFO]: reading from csv
08/19/2020 06:48:31 PM , [INFO]: Pro Number formatting started
08/19/2020 06:48:31 PM , [INFO]: inside first try for reading config
08/19/2020 06:48:31 PM , [INFO]: reading from csv
08/19/2020 06:49:15 PM , [INFO]: Pro Number formatting started
08/19/2020 06:49:15 PM , [INFO]: inside first try for reading config
08/19/2020 06:49:15 PM , [INFO]: reading from csv
08/19/2020 06:49:40 PM , [INFO]: Pro Number formatting started
08/19/2020 06:49:40 PM , [INFO]: inside first try for reading config
08/19/2020 06:49:40 PM , [INFO]: reading from csv
08/19/2020 06:50:13 PM , [INFO]: Pro Number formatting started
08/19/2020 06:50:22 PM , [INFO]: Pro Number formatting started
08/19/2020 06:50:22 PM , [INFO]: inside first try for reading config
08/19/2020 06:50:22 PM , [INFO]: reading from csv
08/19/2020 06:51:11 PM , [INFO]: Pro Number formatting started
08/19/2020 06:51:11 PM , [INFO]: inside first try for reading config
08/19/2020 06:51:11 PM , [INFO]: reading from csv
08/19/2020 07:16:23 PM , [INFO]: Pro Number formatting started
08/19/2020 07:16:23 PM , [INFO]: inside first try for reading config
08/19/2020 07:16:23 PM , [INFO]: reading from csv
08/19/2020 07:20:45 PM , [INFO]: Pro Number formatting started
08/19/2020 07:20:45 PM , [INFO]: inside first try for reading config
08/19/2020 07:20:45 PM , [INFO]: reading from csv
08/19/2020 07:34:19 PM , [INFO]: Pro Number formatting started
08/19/2020 07:34:19 PM , [INFO]: inside first try for reading config
08/19/2020 07:34:19 PM , [INFO]: reading from csv
08/19/2020 07:35:07 PM , [INFO]: Pro Number formatting started
08/19/2020 07:35:07 PM , [INFO]: inside first try for reading config
08/19/2020 07:35:07 PM , [INFO]: reading from csv
08/19/2020 07:35:42 PM , [INFO]: Pro Number formatting started
08/19/2020 07:35:42 PM , [INFO]: inside first try for reading config
08/19/2020 07:35:42 PM , [INFO]: reading from csv
08/19/2020 07:36:18 PM , [INFO]: Pro Number formatting started
08/19/2020 07:36:18 PM , [INFO]: inside first try for reading config
08/19/2020 07:36:18 PM , [INFO]: reading from csv
08/19/2020 07:36:34 PM , [INFO]: Pro Number formatting started
08/19/2020 07:36:34 PM , [INFO]: inside first try for reading config
08/19/2020 07:36:34 PM , [INFO]: reading from csv
08/19/2020 07:37:30 PM , [INFO]: Pro Number formatting started
08/19/2020 07:37:30 PM , [INFO]: inside first try for reading config
08/19/2020 07:37:30 PM , [INFO]: reading from csv
08/19/2020 07:38:01 PM , [INFO]: Pro Number formatting started
08/19/2020 07:38:01 PM , [INFO]: inside first try for reading config
08/19/2020 07:38:01 PM , [INFO]: reading from csv
08/19/2020 09:02:14 PM , [INFO]: Pro Number formatting started
08/19/2020 09:02:14 PM , [INFO]: inside first try for reading config
08/19/2020 09:02:14 PM , [INFO]: reading from csv
08/19/2020 09:03:58 PM , [INFO]: Pro Number formatting started
08/19/2020 09:03:58 PM , [INFO]: inside first try for reading config
08/19/2020 09:03:58 PM , [INFO]: reading from csv
08/19/2020 09:09:48 PM , [INFO]: Pro Number formatting started
08/19/2020 09:09:48 PM , [INFO]: inside first try for reading config
08/19/2020 09:09:48 PM , [INFO]: reading from csv
08/19/2020 09:10:46 PM , [INFO]: Pro Number formatting started
08/19/2020 09:10:46 PM , [INFO]: inside first try for reading config
08/19/2020 09:10:46 PM , [INFO]: reading from csv
08/19/2020 09:12:32 PM , [INFO]: Pro Number formatting started
08/19/2020 09:12:32 PM , [INFO]: inside first try for reading config
08/19/2020 09:12:32 PM , [INFO]: reading from csv
08/19/2020 09:12:57 PM , [INFO]: Pro Number formatting started
08/19/2020 09:12:57 PM , [INFO]: inside first try for reading config
08/19/2020 09:12:57 PM , [INFO]: reading from csv
08/19/2020 09:17:18 PM , [INFO]: Pro Number formatting started
08/19/2020 09:17:18 PM , [INFO]: inside first try for reading config
08/19/2020 09:17:18 PM , [INFO]: reading from csv
08/19/2020 09:17:18 PM , [INFO]: There was an error in reading from csv. The error is : must be str, not int
08/19/2020 09:17:54 PM , [INFO]: Pro Number formatting started
08/19/2020 09:17:54 PM , [INFO]: inside first try for reading config
08/19/2020 09:17:54 PM , [INFO]: reading from csv
08/19/2020 09:18:22 PM , [INFO]: Pro Number formatting started
08/19/2020 09:18:22 PM , [INFO]: inside first try for reading config
08/19/2020 09:18:22 PM , [INFO]: reading from csv
08/19/2020 09:18:22 PM , [INFO]: There was an error in reading from csv. The error is : must be str, not int
08/19/2020 09:18:31 PM , [INFO]: Pro Number formatting started
08/19/2020 09:18:31 PM , [INFO]: inside first try for reading config
08/19/2020 09:18:31 PM , [INFO]: reading from csv
08/19/2020 09:18:31 PM , [INFO]: There was an error in reading from csv. The error is : must be str, not int
08/19/2020 09:19:01 PM , [INFO]: Pro Number formatting started
08/19/2020 09:19:01 PM , [INFO]: inside first try for reading config
08/19/2020 09:19:01 PM , [INFO]: reading from csv
08/19/2020 09:19:01 PM , [INFO]: There was an error in reading from csv. The error is : must be str, not int
08/19/2020 09:19:35 PM , [INFO]: Pro Number formatting started
08/19/2020 09:19:35 PM , [INFO]: inside first try for reading config
08/19/2020 09:19:35 PM , [INFO]: reading from csv
08/19/2020 09:19:35 PM , [INFO]: There was an error in reading from csv. The error is : must be str, not int
08/19/2020 09:20:32 PM , [INFO]: Pro Number formatting started
08/19/2020 09:20:32 PM , [INFO]: inside first try for reading config
08/19/2020 09:20:32 PM , [INFO]: reading from csv
08/19/2020 09:27:59 PM , [INFO]: Pro Number formatting started
08/19/2020 09:27:59 PM , [INFO]: inside first try for reading config
08/19/2020 09:27:59 PM , [INFO]: reading from csv
08/19/2020 09:33:52 PM , [INFO]: Pro Number formatting started
08/19/2020 09:39:06 PM , [INFO]: Pro Number formatting started
08/19/2020 09:39:06 PM , [INFO]: inside first try for reading config
08/19/2020 09:39:06 PM , [INFO]: reading from csv
