08/06/2020 06:06:54 PM , [INFO]: Pro Number formatting started
08/06/2020 06:07:36 PM , [INFO]: Pro Number formatting started
08/06/2020 06:08:41 PM , [INFO]: Pro Number formatting started
08/06/2020 06:11:46 PM , [INFO]: Pro Number formatting started
08/06/2020 06:18:23 PM , [INFO]: Pro Number formatting started
08/06/2020 06:24:40 PM , [INFO]: Pro Number formatting started
08/06/2020 06:26:46 PM , [INFO]: Pro Number formatting started
08/06/2020 06:29:43 PM , [INFO]: Pro Number formatting started
08/06/2020 06:31:15 PM , [INFO]: Pro Number formatting started
08/06/2020 06:34:31 PM , [INFO]: Pro Number formatting started
08/06/2020 06:35:21 PM , [INFO]: Pro Number formatting started
08/06/2020 06:38:38 PM , [INFO]: Pro Number formatting started
08/06/2020 08:16:20 PM , [INFO]: Pro Number formatting started
08/06/2020 08:26:15 PM , [INFO]: Pro Number formatting started
08/06/2020 08:29:18 PM , [INFO]: Pro Number formatting started
08/06/2020 08:31:05 PM , [INFO]: Pro Number formatting started
08/06/2020 08:32:16 PM , [INFO]: Pro Number formatting started
08/06/2020 08:36:08 PM , [INFO]: Pro Number formatting started
08/06/2020 08:39:11 PM , [INFO]: Pro Number formatting started
08/06/2020 08:39:11 PM , [INFO]: inside first try for reading config
08/06/2020 08:40:35 PM , [INFO]: Pro Number formatting started
08/06/2020 08:40:35 PM , [INFO]: inside first try for reading config
08/06/2020 08:42:03 PM , [INFO]: Pro Number formatting started
08/06/2020 08:42:03 PM , [INFO]: inside first try for reading config
08/06/2020 08:46:05 PM , [INFO]: Pro Number formatting started
08/06/2020 08:46:05 PM , [INFO]: inside first try for reading config
08/06/2020 08:48:17 PM , [INFO]: Pro Number formatting started
08/06/2020 08:48:17 PM , [INFO]:                                                               Data
Column1                                                           
YRC Freight PRO #:                                    437-732714-7
Trailer #:                                                   89599
Pickup Date:                                            06/30/2020
Delivered Date:                                         07/10/2020
Appointment Date:                                       07/08/2020
Appointment Time:                                    09:00 - 16:00
Ship From:                                        Atlanta GA 30308
Ship To:                                           Auburn CA 95603
Status:             DELIVERY DATE: 07/10/2020 - Signed By: Collier
Status Updated:                                         07/10/2020
08/06/2020 08:48:17 PM , [INFO]: inside first try for reading config
08/06/2020 08:52:17 PM , [INFO]: Pro Number formatting started
08/06/2020 08:52:17 PM , [INFO]:                                                               Data
Column1                                                           
YRC Freight PRO #:                                    437-732714-7
Trailer #:                                                   89599
Pickup Date:                                            06/30/2020
Delivered Date:                                         07/10/2020
Appointment Date:                                       07/08/2020
Appointment Time:                                    09:00 - 16:00
Ship From:                                        Atlanta GA 30308
Ship To:                                           Auburn CA 95603
Status:             DELIVERY DATE: 07/10/2020 - Signed By: Collier
Status Updated:                                         07/10/2020
08/06/2020 08:52:17 PM , [INFO]: inside first try for reading config
08/06/2020 08:53:54 PM , [INFO]: Pro Number formatting started
08/06/2020 08:53:54 PM , [INFO]:                                                               Data
Column1                                                           
YRC Freight PRO #:                                    437-732714-7
Trailer #:                                                   89599
Pickup Date:                                            06/30/2020
Delivered Date:                                         07/10/2020
Appointment Date:                                       07/08/2020
Appointment Time:                                    09:00 - 16:00
Ship From:                                        Atlanta GA 30308
Ship To:                                           Auburn CA 95603
Status:             DELIVERY DATE: 07/10/2020 - Signed By: Collier
Status Updated:                                         07/10/2020
08/06/2020 08:53:54 PM , [INFO]: inside first try for reading config
08/06/2020 08:53:54 PM , [INFO]: reading from csv
08/06/2020 08:53:54 PM , [INFO]: DLV
08/06/2020 08:53:54 PM , [INFO]: DELIVERY DATE: 07/10/2020 - Signed By: Collier
08/06/2020 08:57:12 PM , [INFO]: Pro Number formatting started
08/06/2020 08:57:12 PM , [INFO]:                                                               Data
Column1                                                           
YRC Freight PRO #:                                    437-732714-7
Trailer #:                                                   89599
Pickup Date:                                            06/30/2020
Delivered Date:                                         07/10/2020
Appointment Date:                                       07/08/2020
Appointment Time:                                    09:00 - 16:00
Ship From:                                        Atlanta GA 30308
Ship To:                                           Auburn CA 95603
Status:             DELIVERY DATE: 07/10/2020 - Signed By: Collier
Status Updated:                                         07/10/2020
08/06/2020 08:57:12 PM , [INFO]: inside first try for reading config
08/06/2020 08:57:12 PM , [INFO]: reading from csv
08/06/2020 08:57:12 PM , [INFO]: DLV
08/06/2020 08:57:12 PM , [INFO]: DELIVERY DATE: 07/10/2020 - Signed By: Collier
08/06/2020 08:58:53 PM , [INFO]: Pro Number formatting started
08/06/2020 08:58:53 PM , [INFO]:                                                               Data
Column1                                                           
YRC Freight PRO #:                                    437-732714-7
Trailer #:                                                   89599
Pickup Date:                                            06/30/2020
Delivered Date:                                         07/10/2020
Appointment Date:                                       07/08/2020
Appointment Time:                                    09:00 - 16:00
Ship From:                                        Atlanta GA 30308
Ship To:                                           Auburn CA 95603
Status:             DELIVERY DATE: 07/10/2020 - Signed By: Collier
Status Updated:                                         07/10/2020
08/06/2020 08:58:53 PM , [INFO]: inside first try for reading config
08/06/2020 08:58:53 PM , [INFO]: reading from csv
08/06/2020 08:58:53 PM , [INFO]: DLV
08/06/2020 08:58:53 PM , [INFO]: DELIVERY DATE: 07/10/2020 - Signed By: Collier
08/06/2020 09:01:32 PM , [INFO]: Pro Number formatting started
08/06/2020 09:01:32 PM , [INFO]:                                                               Data
Column1                                                           
YRC Freight PRO #:                                    437-732714-7
Trailer #:                                                   89599
Pickup Date:                                            06/30/2020
Delivered Date:                                         07/10/2020
Appointment Date:                                       07/08/2020
Appointment Time:                                    09:00 - 16:00
Ship From:                                        Atlanta GA 30308
Ship To:                                           Auburn CA 95603
Status:             DELIVERY DATE: 07/10/2020 - Signed By: Collier
Status Updated:                                         07/10/2020
08/06/2020 09:01:32 PM , [INFO]: inside first try for reading config
08/06/2020 09:01:32 PM , [INFO]: reading from csv
08/06/2020 09:01:32 PM , [INFO]: DLV
08/06/2020 09:01:32 PM , [INFO]: DELIVERY DATE: 07/10/2020 - Signed By: Collier
08/06/2020 09:10:29 PM , [INFO]: Pro Number formatting started
08/06/2020 09:10:29 PM , [INFO]:                                                               Data
Column1                                                           
YRC Freight PRO #:                                    437-732714-7
Trailer #:                                                   89599
Pickup Date:                                            06/30/2020
Delivered Date:                                         07/10/2020
Appointment Date:                                       07/08/2020
Appointment Time:                                    09:00 - 16:00
Ship From:                                        Atlanta GA 30308
Ship To:                                           Auburn CA 95603
Status:             DELIVERY DATE: 07/10/2020 - Signed By: Collier
Status Updated:                                         07/10/2020
08/06/2020 09:10:29 PM , [INFO]: inside first try for reading config
08/06/2020 09:10:29 PM , [INFO]: reading from csv
08/06/2020 09:10:29 PM , [INFO]: DLV
08/06/2020 09:10:29 PM , [INFO]: DELIVERY DATE: 07/10/2020 - Signed By: Collier
08/06/2020 09:18:01 PM , [INFO]: Pro Number formatting started
08/06/2020 09:18:01 PM , [INFO]:                                                               Data
Column1                                                           
YRC Freight PRO #:                                    437-732714-7
Trailer #:                                                   89599
Pickup Date:                                            06/30/2020
Delivered Date:                                         07/10/2020
Appointment Date:                                       07/08/2020
Appointment Time:                                    09:00 - 16:00
Ship From:                                        Atlanta GA 30308
Ship To:                                           Auburn CA 95603
Status:             DELIVERY DATE: 07/10/2020 - Signed By: Collier
Status Updated:                                         07/10/2020
08/06/2020 09:18:01 PM , [INFO]: inside first try for reading config
08/06/2020 09:18:01 PM , [INFO]: reading from csv
08/06/2020 09:18:01 PM , [INFO]: DLV
08/06/2020 09:18:01 PM , [INFO]: DELIVERY DATE: 07/10/2020 - Signed By: Collier
08/06/2020 09:18:55 PM , [INFO]: Pro Number formatting started
08/06/2020 09:18:55 PM , [INFO]:                                                               Data
Column1                                                           
YRC Freight PRO #:                                    437-732714-7
Trailer #:                                                   89599
Pickup Date:                                            06/30/2020
Delivered Date:                                         07/10/2020
Appointment Date:                                       07/08/2020
Appointment Time:                                    09:00 - 16:00
Ship From:                                        Atlanta GA 30308
Ship To:                                           Auburn CA 95603
Status:             DELIVERY DATE: 07/10/2020 - Signed By: Collier
Status Updated:                                         07/10/2020
08/06/2020 09:18:55 PM , [INFO]: inside first try for reading config
08/06/2020 09:18:55 PM , [INFO]: reading from csv
08/06/2020 09:18:55 PM , [INFO]: DLV
08/06/2020 09:18:55 PM , [INFO]: DELIVERY DATE: 07/10/2020 - Signed By: Collier
08/06/2020 09:25:37 PM , [INFO]: Pro Number formatting started
08/06/2020 09:25:37 PM , [INFO]:                                                               Data
Column1                                                           
YRC Freight PRO #:                                    437-732714-7
Trailer #:                                                   89599
Pickup Date:                                            06/30/2020
Delivered Date:                                         07/10/2020
Appointment Date:                                       07/08/2020
Appointment Time:                                    09:00 - 16:00
Ship From:                                        Atlanta GA 30308
Ship To:                                           Auburn CA 95603
Status:             DELIVERY DATE: 07/10/2020 - Signed By: Collier
Status Updated:                                         07/10/2020
08/06/2020 09:25:37 PM , [INFO]: inside first try for reading config
08/06/2020 09:25:37 PM , [INFO]: reading from csv
08/06/2020 09:25:37 PM , [INFO]: DLV
08/06/2020 09:25:37 PM , [INFO]: DELIVERY DATE: 07/10/2020 - Signed By: Collier
08/07/2020 10:52:29 AM , [INFO]: Pro Number formatting started
08/07/2020 10:52:29 AM , [INFO]:                                                               Data
Column1                                                           
YRC Freight PRO #:                                    437-732714-7
Trailer #:                                                   89599
Pickup Date:                                            06/30/2020
Delivered Date:                                         07/10/2020
Appointment Date:                                       07/08/2020
Appointment Time:                                    09:00 - 16:00
Ship From:                                        Atlanta GA 30308
Ship To:                                           Auburn CA 95603
Status:             DELIVERY DATE: 07/10/2020 - Signed By: Collier
Status Updated:                                         07/10/2020
08/07/2020 10:52:29 AM , [INFO]: inside first try for reading config
08/07/2020 10:52:29 AM , [INFO]: reading from csv
08/07/2020 10:52:29 AM , [INFO]: DLV
08/07/2020 10:52:29 AM , [INFO]: DELIVERY DATE: 07/10/2020 - Signed By: Collier
08/07/2020 11:08:24 AM , [INFO]: Pro Number formatting started
08/07/2020 11:08:24 AM , [INFO]:                                                               Data
Column1                                                           
YRC Freight PRO #:                                    437-732714-7
Trailer #:                                                   89599
Pickup Date:                                            06/30/2020
Delivered Date:                                         07/10/2020
Appointment Date:                                       07/08/2020
Appointment Time:                                    09:00 - 16:00
Ship From:                                        Atlanta GA 30308
Ship To:                                           Auburn CA 95603
Status:             DELIVERY DATE: 07/10/2020 - Signed By: Collier
Status Updated:                                         07/10/2020
08/07/2020 11:08:24 AM , [INFO]: inside first try for reading config
08/07/2020 11:08:24 AM , [INFO]: reading from csv
08/07/2020 11:08:24 AM , [INFO]: DLV
08/07/2020 11:08:24 AM , [INFO]: DELIVERY DATE: 07/10/2020 - Signed By: Collier
08/07/2020 11:09:55 AM , [INFO]: Pro Number formatting started
08/07/2020 11:10:53 AM , [INFO]: Pro Number formatting started
08/07/2020 11:10:53 AM , [INFO]:                                                               Data
Column1                                                           
YRC Freight PRO #:                                    437-732714-7
Trailer #:                                                   89599
Pickup Date:                                            06/30/2020
Delivered Date:                                         07/10/2020
Appointment Date:                                       07/08/2020
Appointment Time:                                    09:00 - 16:00
Ship From:                                        Atlanta GA 30308
Ship To:                                           Auburn CA 95603
Status:             DELIVERY DATE: 07/10/2020 - Signed By: Collier
Status Updated:                                         07/10/2020
08/07/2020 11:10:53 AM , [INFO]: inside first try for reading config
08/07/2020 11:10:53 AM , [INFO]: reading from csv
08/07/2020 11:10:53 AM , [INFO]: DLV
08/07/2020 11:10:53 AM , [INFO]: DELIVERY DATE: 07/10/2020 - Signed By: Collier
08/07/2020 11:29:07 AM , [INFO]: Pro Number formatting started
08/07/2020 11:36:24 AM , [INFO]: Pro Number formatting started
08/07/2020 11:36:24 AM , [INFO]:                                                               Data
Column1                                                           
YRC Freight PRO #:                                    437-732714-7
Trailer #:                                                   89599
Pickup Date:                                            06/30/2020
Delivered Date:                                         07/10/2020
Appointment Date:                                       07/08/2020
Appointment Time:                                    09:00 - 16:00
Ship From:                                        Atlanta GA 30308
Ship To:                                           Auburn CA 95603
Status:             DELIVERY DATE: 07/10/2020 - Signed By: Collier
Status Updated:                                         07/10/2020
08/07/2020 11:36:24 AM , [INFO]: inside first try for reading config
08/07/2020 11:36:24 AM , [INFO]: reading from csv
08/07/2020 11:36:24 AM , [INFO]: DLV
08/07/2020 11:36:24 AM , [INFO]: DELIVERY DATE: 07/10/2020 - Signed By: Collier
08/07/2020 11:38:10 AM , [INFO]: Pro Number formatting started
08/07/2020 11:38:10 AM , [INFO]:                                                               Data
Column1                                                           
YRC Freight PRO #:                                    437-732714-7
Trailer #:                                                   89599
Pickup Date:                                            06/30/2020
Delivered Date:                                         07/10/2020
Appointment Date:                                       07/08/2020
Appointment Time:                                    09:00 - 16:00
Ship From:                                        Atlanta GA 30308
Ship To:                                           Auburn CA 95603
Status:             DELIVERY DATE: 07/10/2020 - Signed By: Collier
Status Updated:                                         07/10/2020
08/07/2020 11:38:10 AM , [INFO]: inside first try for reading config
08/07/2020 11:38:10 AM , [INFO]: reading from csv
08/07/2020 11:38:10 AM , [INFO]: DLV
08/07/2020 11:38:10 AM , [INFO]: DELIVERY DATE: 07/10/2020 - Signed By: Collier
08/07/2020 01:38:51 PM , [INFO]: Pro Number formatting started
08/07/2020 01:38:51 PM , [INFO]:                                                               Data
Column1                                                           
YRC Freight PRO #:                                    437-732714-7
Trailer #:                                                   89599
Pickup Date:                                            06/30/2020
Delivered Date:                                         07/10/2020
Appointment Date:                                       07/08/2020
Appointment Time:                                    09:00 - 16:00
Ship From:                                        Atlanta GA 30308
Ship To:                                           Auburn CA 95603
Status:             DELIVERY DATE: 07/10/2020 - Signed By: Collier
Status Updated:                                         07/10/2020
08/07/2020 01:38:51 PM , [INFO]: inside first try for reading config
08/07/2020 01:38:51 PM , [INFO]: reading from csv
08/07/2020 01:38:51 PM , [INFO]: DLV
08/07/2020 01:38:51 PM , [INFO]: DELIVERY DATE: 07/10/2020 - Signed By: Collier
08/07/2020 02:10:13 PM , [INFO]: Pro Number formatting started
08/07/2020 02:10:13 PM , [INFO]:                                                               Data
Column1                                                           
YRC Freight PRO #:                                    437-732714-7
Trailer #:                                                   89599
Pickup Date:                                            06/30/2020
Delivered Date:                                         07/10/2020
Appointment Date:                                       07/08/2020
Appointment Time:                                    09:00 - 16:00
Ship From:                                        Atlanta GA 30308
Ship To:                                           Auburn CA 95603
Status:             DELIVERY DATE: 07/10/2020 - Signed By: Collier
Status Updated:                                         07/10/2020
08/07/2020 02:10:13 PM , [INFO]: inside first try for reading config
08/07/2020 02:10:13 PM , [INFO]: reading from csv
08/07/2020 02:10:13 PM , [INFO]: DLV
08/07/2020 02:10:13 PM , [INFO]: DELIVERY DATE: 07/10/2020 - Signed By: Collier
08/07/2020 02:11:22 PM , [INFO]: Pro Number formatting started
08/07/2020 02:11:22 PM , [INFO]:                                                               Data
Column1                                                           
YRC Freight PRO #:                                    437-732714-7
Trailer #:                                                   89599
Pickup Date:                                            06/30/2020
Delivered Date:                                         07/10/2020
Appointment Date:                                       07/08/2020
Appointment Time:                                    09:00 - 16:00
Ship From:                                        Atlanta GA 30308
Ship To:                                           Auburn CA 95603
Status:             DELIVERY DATE: 07/10/2020 - Signed By: Collier
Status Updated:                                         07/10/2020
08/07/2020 02:11:22 PM , [INFO]: inside first try for reading config
08/07/2020 02:11:22 PM , [INFO]: reading from csv
08/07/2020 02:11:22 PM , [INFO]: DLV
08/07/2020 02:11:22 PM , [INFO]: DELIVERY DATE: 07/10/2020 - Signed By: Collier
08/07/2020 02:17:35 PM , [INFO]: Pro Number formatting started
08/07/2020 02:17:35 PM , [INFO]:                                                               Data
Column1                                                           
YRC Freight PRO #:                                    437-732714-7
Trailer #:                                                   89599
Pickup Date:                                            06/30/2020
Delivered Date:                                         07/10/2020
Appointment Date:                                       07/08/2020
Appointment Time:                                    09:00 - 16:00
Ship From:                                        Atlanta GA 30308
Ship To:                                           Auburn CA 95603
Status:             DELIVERY DATE: 07/10/2020 - Signed By: Collier
Status Updated:                                         07/10/2020
08/07/2020 02:17:35 PM , [INFO]: inside first try for reading config
08/07/2020 02:17:35 PM , [INFO]: reading from csv
08/07/2020 02:17:35 PM , [INFO]: DLV
08/07/2020 02:17:35 PM , [INFO]: DELIVERY DATE: 07/10/2020 - Signed By: Collier
08/07/2020 02:21:46 PM , [INFO]: Pro Number formatting started
08/07/2020 02:21:46 PM , [INFO]:                                                               Data
Column1                                                           
YRC Freight PRO #:                                    437-732714-7
Trailer #:                                                   89599
Pickup Date:                                            06/30/2020
Delivered Date:                                         07/10/2020
Appointment Date:                                       07/08/2020
Appointment Time:                                    09:00 - 16:00
Ship From:                                        Atlanta GA 30308
Ship To:                                           Auburn CA 95603
Status:             DELIVERY DATE: 07/10/2020 - Signed By: Collier
Status Updated:                                         07/10/2020
08/07/2020 02:21:46 PM , [INFO]: inside first try for reading config
08/07/2020 02:21:46 PM , [INFO]: reading from csv
08/07/2020 02:21:46 PM , [INFO]: DLV
08/07/2020 02:21:46 PM , [INFO]: DELIVERY DATE: 07/10/2020 - Signed By: Collier
08/07/2020 04:54:29 PM , [INFO]: Pro Number formatting started
08/07/2020 04:54:29 PM , [INFO]:                                                               Data
Column1                                                           
YRC Freight PRO #:                                    437-732714-7
Trailer #:                                                   89599
Pickup Date:                                            06/30/2020
Delivered Date:                                         07/10/2020
Appointment Date:                                       07/08/2020
Appointment Time:                                    09:00 - 16:00
Ship From:                                        Atlanta GA 30308
Ship To:                                           Auburn CA 95603
Status:             DELIVERY DATE: 07/10/2020 - Signed By: Collier
Status Updated:                                         07/10/2020
08/07/2020 04:54:30 PM , [INFO]: inside first try for reading config
08/07/2020 04:54:30 PM , [INFO]: reading from csv
08/07/2020 04:54:30 PM , [INFO]: DLV
08/07/2020 04:54:30 PM , [INFO]: DELIVERY DATE: 07/10/2020 - Signed By: Collier
08/07/2020 04:57:13 PM , [INFO]: Pro Number formatting started
08/07/2020 04:57:13 PM , [INFO]:                                                               Data
Column1                                                           
YRC Freight PRO #:                                    437-732714-7
Trailer #:                                                   89599
Pickup Date:                                            06/30/2020
Delivered Date:                                         07/10/2020
Appointment Date:                                       07/08/2020
Appointment Time:                                    09:00 - 16:00
Ship From:                                        Atlanta GA 30308
Ship To:                                           Auburn CA 95603
Status:             DELIVERY DATE: 07/10/2020 - Signed By: Collier
Status Updated:                                         07/10/2020
08/07/2020 04:57:13 PM , [INFO]: inside first try for reading config
08/07/2020 04:57:13 PM , [INFO]: reading from csv
08/07/2020 04:57:13 PM , [INFO]: DLV
08/07/2020 04:57:13 PM , [INFO]: DELIVERY DATE: 07/10/2020 - Signed By: Collier
08/07/2020 05:05:21 PM , [INFO]: Pro Number formatting started
08/07/2020 05:05:21 PM , [INFO]:                                                               Data
Column1                                                           
YRC Freight PRO #:                                    437-732714-7
Trailer #:                                                   89599
Pickup Date:                                            06/30/2020
Delivered Date:                                         07/10/2020
Appointment Date:                                       07/08/2020
Appointment Time:                                    09:00 - 16:00
Ship From:                                        Atlanta GA 30308
Ship To:                                           Auburn CA 95603
Status:             DELIVERY DATE: 07/10/2020 - Signed By: Collier
Status Updated:                                         07/10/2020
08/07/2020 05:05:21 PM , [INFO]: inside first try for reading config
08/07/2020 05:05:21 PM , [INFO]: reading from csv
08/07/2020 05:05:21 PM , [INFO]: DLV
08/07/2020 05:05:21 PM , [INFO]: DELIVERY DATE: 07/10/2020 - Signed By: Collier
08/07/2020 05:11:48 PM , [INFO]: Pro Number formatting started
08/07/2020 05:11:48 PM , [INFO]:                                                               Data
Column1                                                           
YRC Freight PRO #:                                    437-732714-7
Trailer #:                                                   89599
Pickup Date:                                            06/30/2020
Delivered Date:                                         07/10/2020
Appointment Date:                                       07/08/2020
Appointment Time:                                    09:00 - 16:00
Ship From:                                        Atlanta GA 30308
Ship To:                                           Auburn CA 95603
Status:             DELIVERY DATE: 07/10/2020 - Signed By: Collier
Status Updated:                                         07/10/2020
08/07/2020 05:11:48 PM , [INFO]: inside first try for reading config
08/07/2020 05:11:48 PM , [INFO]: reading from csv
08/07/2020 05:11:48 PM , [INFO]: DLV
08/07/2020 05:11:48 PM , [INFO]: DELIVERY DATE: 07/10/2020 - Signed By: Collier
08/07/2020 05:16:01 PM , [INFO]: Pro Number formatting started
08/07/2020 05:16:01 PM , [INFO]:                                                               Data
Column1                                                           
YRC Freight PRO #:                                    437-732714-7
Trailer #:                                                   89599
Pickup Date:                                            06/30/2020
Delivered Date:                                         07/10/2020
Appointment Date:                                       07/08/2020
Appointment Time:                                    09:00 - 16:00
Ship From:                                        Atlanta GA 30308
Ship To:                                           Auburn CA 95603
Status:             DELIVERY DATE: 07/10/2020 - Signed By: Collier
Status Updated:                                         07/10/2020
08/07/2020 05:16:01 PM , [INFO]: inside first try for reading config
08/07/2020 05:16:01 PM , [INFO]: reading from csv
08/07/2020 05:16:01 PM , [INFO]: DLV
08/07/2020 05:16:01 PM , [INFO]: DELIVERY DATE: 07/10/2020 - Signed By: Collier
08/07/2020 05:16:42 PM , [INFO]: Pro Number formatting started
08/07/2020 05:16:42 PM , [INFO]:                                                               Data
Column1                                                           
YRC Freight PRO #:                                    437-732714-7
Trailer #:                                                   89599
Pickup Date:                                            06/30/2020
Delivered Date:                                         07/10/2020
Appointment Date:                                       07/08/2020
Appointment Time:                                    09:00 - 16:00
Ship From:                                        Atlanta GA 30308
Ship To:                                           Auburn CA 95603
Status:             DELIVERY DATE: 07/10/2020 - Signed By: Collier
Status Updated:                                         07/10/2020
08/07/2020 05:16:42 PM , [INFO]: inside first try for reading config
08/07/2020 05:16:42 PM , [INFO]: reading from csv
08/07/2020 05:16:42 PM , [INFO]: DLV
08/07/2020 05:16:42 PM , [INFO]: DELIVERY DATE: 07/10/2020 - Signed By: Collier
08/07/2020 05:21:16 PM , [INFO]: Pro Number formatting started
08/07/2020 05:21:16 PM , [INFO]:                                                               Data
Column1                                                           
YRC Freight PRO #:                                    437-732714-7
Trailer #:                                                   89599
Pickup Date:                                            06/30/2020
Delivered Date:                                         07/10/2020
Appointment Date:                                       07/08/2020
Appointment Time:                                    09:00 - 16:00
Ship From:                                        Atlanta GA 30308
Ship To:                                           Auburn CA 95603
Status:             DELIVERY DATE: 07/10/2020 - Signed By: Collier
Status Updated:                                         07/10/2020
08/07/2020 05:21:16 PM , [INFO]: inside first try for reading config
08/07/2020 05:21:16 PM , [INFO]: reading from csv
08/07/2020 05:21:16 PM , [INFO]: DLV
08/07/2020 05:21:16 PM , [INFO]: DELIVERY DATE: 07/10/2020 - Signed By: Collier
08/07/2020 11:16:34 PM , [INFO]: Pro Number formatting started
08/07/2020 11:16:34 PM , [INFO]:                                                               Data
Column1                                                           
YRC Freight PRO #:                                    437-732714-7
Trailer #:                                                   89599
Pickup Date:                                            06/30/2020
Delivered Date:                                         07/10/2020
Appointment Date:                                       07/08/2020
Appointment Time:                                    09:00 - 16:00
Ship From:                                        Atlanta GA 30308
Ship To:                                           Auburn CA 95603
Status:             DELIVERY DATE: 07/10/2020 - Signed By: Collier
Status Updated:                                         07/10/2020
08/07/2020 11:16:34 PM , [INFO]: inside first try for reading config
08/07/2020 11:16:34 PM , [INFO]: reading from csv
08/07/2020 11:16:34 PM , [INFO]: DLV
08/07/2020 11:16:34 PM , [INFO]: DELIVERY DATE: 07/10/2020 - Signed By: Collier
08/07/2020 11:34:54 PM , [INFO]: Pro Number formatting started
08/07/2020 11:34:54 PM , [INFO]:                                                               Data
Column1                                                           
YRC Freight PRO #:                                    437-732714-7
Trailer #:                                                   89599
Pickup Date:                                            06/30/2020
Delivered Date:                                         07/10/2020
Appointment Date:                                       07/08/2020
Appointment Time:                                    09:00 - 16:00
Ship From:                                        Atlanta GA 30308
Ship To:                                           Auburn CA 95603
Status:             DELIVERY DATE: 07/10/2020 - Signed By: Collier
Status Updated:                                         07/10/2020
08/07/2020 11:34:54 PM , [INFO]: inside first try for reading config
08/07/2020 11:34:54 PM , [INFO]: reading from csv
08/07/2020 11:34:54 PM , [INFO]: DLV
08/07/2020 11:34:54 PM , [INFO]: DELIVERY DATE: 07/10/2020 - Signed By: Collier
